{
  "stats": {
    "suites": 1,
    "tests": 2,
    "passes": 2,
    "pending": 0,
    "failures": 0,
    "start": "2024-03-28T17:32:14.588Z",
    "end": "2024-03-28T17:32:21.848Z",
    "duration": 7260,
    "testsRegistered": 2,
    "passPercent": 100,
    "pendingPercent": 0,
    "other": 0,
    "hasOther": false,
    "skipped": 0,
    "hasSkipped": false
  },
  "results": [
    {
      "uuid": "6739a448-c66c-484e-88bc-11ae98a1aec1",
      "title": "",
      "fullFile": "cypress\\e2e\\ebac-jobs\\candidatura.cy.js",
      "file": "cypress\\e2e\\ebac-jobs\\candidatura.cy.js",
      "beforeHooks": [],
      "afterHooks": [],
      "tests": [],
      "suites": [
        {
          "uuid": "ca457ad4-20b6-48eb-a233-11ae3ae7da15",
          "title": "Testes para a página de candidatura",
          "fullFile": "",
          "file": "",
          "beforeHooks": [],
          "afterHooks": [],
          "tests": [
            {
              "title": "Deve levar o candidato até o formulário de inscrição",
              "fullTitle": "Testes para a página de candidatura Deve levar o candidato até o formulário de inscrição",
              "timedOut": null,
              "duration": 2535,
              "state": "passed",
              "speed": "fast",
              "pass": true,
              "fail": false,
              "pending": false,
              "context": null,
              "code": "cy.get(\".Vaga_vagaLink__DeFkk\").first().click();\ncy.get(\"input\").should(\"have.length\", 7);\n//screenshot\ncy.screenshot('tela-inscricao');",
              "err": {},
              "uuid": "6e5baa42-88a6-4f5e-b15e-aadc35426977",
              "parentUUID": "ca457ad4-20b6-48eb-a233-11ae3ae7da15",
              "isHook": false,
              "skipped": false
            },
            {
              "title": "Deve preencher o formulário de inscrição",
              "fullTitle": "Testes para a página de candidatura Deve preencher o formulário de inscrição",
              "timedOut": null,
              "duration": 2817,
              "state": "passed",
              "speed": "fast",
              "pass": true,
              "fail": false,
              "pending": false,
              "context": null,
              "code": "cy.get(\".Vaga_vagaLink__DeFkk\").first().click(), cy.get('input[name = \"nome-completo\"]').type(\"thaisa mendes\"), cy.get('input[name = \"email\"]').type(\"thay.gm@live.com\"), cy.get('input[name = \"telefone\"]').type(\"61981014187\"), cy.get('input[name = \"endereco\"]').type(\"lago norte, qi99, brasil\"), cy.get(\"#linux\").check(), cy.get('select[name = \"escolaridade\"]').select(\"outros\"), cy.get(\".Aplicacao_button__tw2AE\").click(), cy.on(\"window:alert\", conteudo => {\n  expect(conteudo).contain(\"Obrigado pela candidatura!\");\n});\ncy.screenshot('tela-inscricao-preenchido');",
              "err": {},
              "uuid": "ae0792d6-6835-4cda-8eeb-a98bc2539042",
              "parentUUID": "ca457ad4-20b6-48eb-a233-11ae3ae7da15",
              "isHook": false,
              "skipped": false
            }
          ],
          "suites": [],
          "passes": [
            "6e5baa42-88a6-4f5e-b15e-aadc35426977",
            "ae0792d6-6835-4cda-8eeb-a98bc2539042"
          ],
          "failures": [],
          "pending": [],
          "skipped": [],
          "duration": 5352,
          "root": false,
          "rootEmpty": false,
          "_timeout": 2000
        }
      ],
      "passes": [],
      "failures": [],
      "pending": [],
      "skipped": [],
      "duration": 0,
      "root": true,
      "rootEmpty": true,
      "_timeout": 2000
    }
  ],
  "meta": {
    "mocha": {
      "version": "7.0.1"
    },
    "mochawesome": {
      "options": {
        "quiet": false,
        "reportFilename": "mochawesome",
        "saveHtml": true,
        "saveJson": true,
        "consoleReporter": "spec",
        "useInlineDiffs": false,
        "code": true
      },
      "version": "7.1.3"
    },
    "marge": {
      "options": {
        "reportDir": "cypress/relatorio",
        "overwrite": true,
        "html": true,
        "JSON": true,
        "timestamp": "ddmmyyy_HHMMss"
      },
      "version": "6.2.0"
    }
  }
}