{
  "stats": {
    "suites": 1,
    "tests": 2,
    "passes": 2,
    "pending": 0,
    "failures": 0,
    "start": "2024-03-28T17:32:23.471Z",
    "end": "2024-03-28T17:32:26.036Z",
    "duration": 2565,
    "testsRegistered": 2,
    "passPercent": 100,
    "pendingPercent": 0,
    "other": 0,
    "hasOther": false,
    "skipped": 0,
    "hasSkipped": false
  },
  "results": [
    {
      "uuid": "f30f43de-06c0-4f24-885f-e30f752a08cd",
      "title": "",
      "fullFile": "cypress\\e2e\\ebac-jobs\\home.cy.js",
      "file": "cypress\\e2e\\ebac-jobs\\home.cy.js",
      "beforeHooks": [],
      "afterHooks": [],
      "tests": [],
      "suites": [
        {
          "uuid": "22bf96be-cb3f-4082-8aeb-87d779d3fe83",
          "title": "Testes para a home",
          "fullFile": "",
          "file": "",
          "beforeHooks": [],
          "afterHooks": [],
          "tests": [
            {
              "title": "Deve renderizar 4 vagas",
              "fullTitle": "Testes para a home Deve renderizar 4 vagas",
              "timedOut": null,
              "duration": 696,
              "state": "passed",
              "speed": "fast",
              "pass": true,
              "fail": false,
              "pending": false,
              "context": null,
              "code": "//para acessar o site\ncy.visit(\"https://ebac-jobs-e2e.vercel.app/\");\n//para acessar o li\ncy.get(\".ListaVagas_vagas__gmNZn > li\").should(\"have.length\", 4);",
              "err": {},
              "uuid": "6e4eb276-6966-46c8-a9e9-19b6906b2f4a",
              "parentUUID": "22bf96be-cb3f-4082-8aeb-87d779d3fe83",
              "isHook": false,
              "skipped": false
            },
            {
              "title": "Deve filtrar por fullstack",
              "fullTitle": "Testes para a home Deve filtrar por fullstack",
              "timedOut": null,
              "duration": 528,
              "state": "passed",
              "speed": "fast",
              "pass": true,
              "fail": false,
              "pending": false,
              "context": null,
              "code": "//para acessar o site\ncy.visit(\"https://ebac-jobs-e2e.vercel.app/\");\n//para acessar o campo com enter\ncy.get(\".FormVagas_campo__E1ppF\").type(\"fullstack{enter}\");\n//para acessar o campo com click\ncy.get('button[type=\"submit\"]').click();\ncy.get(\".ListaVagas_vagas__gmNZn > li\").should(\"have.length\", 1);",
              "err": {},
              "uuid": "8133696a-64f4-4191-92bc-055d46ec50da",
              "parentUUID": "22bf96be-cb3f-4082-8aeb-87d779d3fe83",
              "isHook": false,
              "skipped": false
            }
          ],
          "suites": [],
          "passes": [
            "6e4eb276-6966-46c8-a9e9-19b6906b2f4a",
            "8133696a-64f4-4191-92bc-055d46ec50da"
          ],
          "failures": [],
          "pending": [],
          "skipped": [],
          "duration": 1224,
          "root": false,
          "rootEmpty": false,
          "_timeout": 2000
        }
      ],
      "passes": [],
      "failures": [],
      "pending": [],
      "skipped": [],
      "duration": 0,
      "root": true,
      "rootEmpty": true,
      "_timeout": 2000
    }
  ],
  "meta": {
    "mocha": {
      "version": "7.0.1"
    },
    "mochawesome": {
      "options": {
        "quiet": false,
        "reportFilename": "mochawesome",
        "saveHtml": true,
        "saveJson": true,
        "consoleReporter": "spec",
        "useInlineDiffs": false,
        "code": true
      },
      "version": "7.1.3"
    },
    "marge": {
      "options": {
        "reportDir": "cypress/relatorio",
        "overwrite": true,
        "html": true,
        "JSON": true,
        "timestamp": "ddmmyyy_HHMMss"
      },
      "version": "6.2.0"
    }
  }
}